   1              		.cpu arm926ej-s
   2              		.fpu softvfp
   3              		.eabi_attribute 20, 1
   4              		.eabi_attribute 21, 1
   5              		.eabi_attribute 23, 3
   6              		.eabi_attribute 24, 1
   7              		.eabi_attribute 25, 1
   8              		.eabi_attribute 26, 1
   9              		.eabi_attribute 30, 6
  10              		.eabi_attribute 34, 0
  11              		.eabi_attribute 18, 4
  12              		.file	"CX3RDKOV5640Dscr.c"
  13              		.text
  14              	.Ltext0:
  15              		.cfi_sections	.debug_frame
  16              		.section	.bss.glEp0Buffer,"aw",%nobits
  17              		.align	2
  20              	glEp0Buffer:
  21 0000 00000000 		.space	32
  21      00000000 
  21      00000000 
  21      00000000 
  21      00000000 
  22              		.comm	uvcAppThread,168,4
  23              		.comm	SenAppThread,168,4
  24              		.comm	glTimerEvent,40,4
  25              		.comm	cmdQu,32,4
  26              		.comm	statQu,32,4
  27              		.global	esUVCUSB30DeviceDscr
  28              		.section	.rodata.esUVCUSB30DeviceDscr,"a",%progbits
  29              		.align	2
  32              	esUVCUSB30DeviceDscr:
  33 0000 12       		.byte	18
  34 0001 01       		.byte	1
  35 0002 00       		.byte	0
  36 0003 03       		.byte	3
  37 0004 EF       		.byte	-17
  38 0005 02       		.byte	2
  39 0006 01       		.byte	1
  40 0007 09       		.byte	9
  41 0008 BD       		.byte	-67
  42 0009 1B       		.byte	27
  43 000a 50       		.byte	80
  44 000b F1       		.byte	-15
  45 000c 00       		.byte	0
  46 000d 00       		.byte	0
  47 000e 01       		.byte	1
  48 000f 02       		.byte	2
  49 0010 00       		.byte	0
  50 0011 01       		.byte	1
  51              		.global	esUVCUSB20DeviceDscr
  52 0012 0000     		.section	.rodata.esUVCUSB20DeviceDscr,"a",%progbits
  53              		.align	2
  56              	esUVCUSB20DeviceDscr:
  57 0000 12       		.byte	18
  58 0001 01       		.byte	1
  59 0002 10       		.byte	16
  60 0003 02       		.byte	2
  61 0004 EF       		.byte	-17
  62 0005 02       		.byte	2
  63 0006 01       		.byte	1
  64 0007 40       		.byte	64
  65 0008 BD       		.byte	-67
  66 0009 1B       		.byte	27
  67 000a 50       		.byte	80
  68 000b F1       		.byte	-15
  69 000c 00       		.byte	0
  70 000d 00       		.byte	0
  71 000e 01       		.byte	1
  72 000f 02       		.byte	2
  73 0010 00       		.byte	0
  74 0011 01       		.byte	1
  75              		.global	esUVCUSBBOSDscr
  76 0012 0000     		.section	.rodata.esUVCUSBBOSDscr,"a",%progbits
  77              		.align	2
  80              	esUVCUSBBOSDscr:
  81 0000 05       		.byte	5
  82 0001 0F       		.byte	15
  83 0002 16       		.byte	22
  84 0003 00       		.byte	0
  85 0004 02       		.byte	2
  86 0005 07       		.byte	7
  87 0006 10       		.byte	16
  88 0007 02       		.byte	2
  89 0008 02       		.byte	2
  90 0009 00       		.byte	0
  91 000a 00       		.byte	0
  92 000b 00       		.byte	0
  93 000c 0A       		.byte	10
  94 000d 10       		.byte	16
  95 000e 03       		.byte	3
  96 000f 00       		.byte	0
  97 0010 0E       		.byte	14
  98 0011 00       		.byte	0
  99 0012 03       		.byte	3
 100 0013 00       		.byte	0
 101 0014 00       		.byte	0
 102 0015 00       		.byte	0
 103              		.global	esUVCUSBDeviceQualDscr
 104 0016 0000     		.section	.rodata.esUVCUSBDeviceQualDscr,"a",%progbits
 105              		.align	2
 108              	esUVCUSBDeviceQualDscr:
 109 0000 0A       		.byte	10
 110 0001 06       		.byte	6
 111 0002 00       		.byte	0
 112 0003 02       		.byte	2
 113 0004 EF       		.byte	-17
 114 0005 02       		.byte	2
 115 0006 01       		.byte	1
 116 0007 40       		.byte	64
 117 0008 01       		.byte	1
 118 0009 00       		.byte	0
 119              		.global	esUVCUSBSSConfigDscr
 120 000a 0000     		.section	.rodata.esUVCUSBSSConfigDscr,"a",%progbits
 121              		.align	2
 124              	esUVCUSBSSConfigDscr:
 125 0000 09       		.byte	9
 126 0001 02       		.byte	2
 127 0002 E5       		.byte	-27
 128 0003 00       		.byte	0
 129 0004 02       		.byte	2
 130 0005 01       		.byte	1
 131 0006 03       		.byte	3
 132 0007 C0       		.byte	-64
 133 0008 0C       		.byte	12
 134 0009 08       		.byte	8
 135 000a 0B       		.byte	11
 136 000b 00       		.byte	0
 137 000c 02       		.byte	2
 138 000d 0E       		.byte	14
 139 000e 03       		.byte	3
 140 000f 00       		.byte	0
 141 0010 00       		.byte	0
 142 0011 09       		.byte	9
 143 0012 04       		.byte	4
 144 0013 00       		.byte	0
 145 0014 00       		.byte	0
 146 0015 01       		.byte	1
 147 0016 0E       		.byte	14
 148 0017 01       		.byte	1
 149 0018 00       		.byte	0
 150 0019 00       		.byte	0
 151 001a 0D       		.byte	13
 152 001b 24       		.byte	36
 153 001c 01       		.byte	1
 154 001d 00       		.byte	0
 155 001e 01       		.byte	1
 156 001f 51       		.byte	81
 157 0020 00       		.byte	0
 158 0021 00       		.byte	0
 159 0022 6C       		.byte	108
 160 0023 DC       		.byte	-36
 161 0024 02       		.byte	2
 162 0025 01       		.byte	1
 163 0026 01       		.byte	1
 164 0027 12       		.byte	18
 165 0028 24       		.byte	36
 166 0029 02       		.byte	2
 167 002a 01       		.byte	1
 168 002b 01       		.byte	1
 169 002c 02       		.byte	2
 170 002d 00       		.byte	0
 171 002e 00       		.byte	0
 172 002f 00       		.byte	0
 173 0030 00       		.byte	0
 174 0031 00       		.byte	0
 175 0032 00       		.byte	0
 176 0033 00       		.byte	0
 177 0034 00       		.byte	0
 178 0035 03       		.byte	3
 179 0036 00       		.byte	0
 180 0037 00       		.byte	0
 181 0038 00       		.byte	0
 182 0039 0D       		.byte	13
 183 003a 24       		.byte	36
 184 003b 05       		.byte	5
 185 003c 02       		.byte	2
 186 003d 01       		.byte	1
 187 003e 00       		.byte	0
 188 003f 40       		.byte	64
 189 0040 03       		.byte	3
 190 0041 FF       		.byte	-1
 191 0042 05       		.byte	5
 192 0043 00       		.byte	0
 193 0044 00       		.byte	0
 194 0045 00       		.byte	0
 195 0046 1D       		.byte	29
 196 0047 24       		.byte	36
 197 0048 06       		.byte	6
 198 0049 03       		.byte	3
 199 004a 7A       		.byte	122
 200 004b CA       		.byte	-54
 201 004c 57       		.byte	87
 202 004d 37       		.byte	55
 203 004e A3       		.byte	-93
 204 004f 1A       		.byte	26
 205 0050 5B       		.byte	91
 206 0051 49       		.byte	73
 207 0052 96       		.byte	-106
 208 0053 8D       		.byte	-115
 209 0054 8E       		.byte	-114
 210 0055 36       		.byte	54
 211 0056 1F       		.byte	31
 212 0057 96       		.byte	-106
 213 0058 76       		.byte	118
 214 0059 50       		.byte	80
 215 005a 04       		.byte	4
 216 005b 01       		.byte	1
 217 005c 02       		.byte	2
 218 005d 04       		.byte	4
 219 005e 05       		.byte	5
 220 005f 82       		.byte	-126
 221 0060 00       		.byte	0
 222 0061 04       		.byte	4
 223 0062 00       		.byte	0
 224 0063 09       		.byte	9
 225 0064 24       		.byte	36
 226 0065 03       		.byte	3
 227 0066 04       		.byte	4
 228 0067 01       		.byte	1
 229 0068 01       		.byte	1
 230 0069 00       		.byte	0
 231 006a 03       		.byte	3
 232 006b 00       		.byte	0
 233 006c 07       		.byte	7
 234 006d 05       		.byte	5
 235 006e 82       		.byte	-126
 236 006f 03       		.byte	3
 237 0070 40       		.byte	64
 238 0071 00       		.byte	0
 239 0072 01       		.byte	1
 240 0073 06       		.byte	6
 241 0074 30       		.byte	48
 242 0075 00       		.byte	0
 243 0076 00       		.byte	0
 244 0077 40       		.byte	64
 245 0078 00       		.byte	0
 246 0079 05       		.byte	5
 247 007a 25       		.byte	37
 248 007b 03       		.byte	3
 249 007c 40       		.byte	64
 250 007d 00       		.byte	0
 251 007e 09       		.byte	9
 252 007f 04       		.byte	4
 253 0080 01       		.byte	1
 254 0081 00       		.byte	0
 255 0082 01       		.byte	1
 256 0083 0E       		.byte	14
 257 0084 02       		.byte	2
 258 0085 00       		.byte	0
 259 0086 00       		.byte	0
 260 0087 0E       		.byte	14
 261 0088 24       		.byte	36
 262 0089 01       		.byte	1
 263 008a 01       		.byte	1
 264 008b 51       		.byte	81
 265 008c 00       		.byte	0
 266 008d 83       		.byte	-125
 267 008e 00       		.byte	0
 268 008f 04       		.byte	4
 269 0090 02       		.byte	2
 270 0091 01       		.byte	1
 271 0092 01       		.byte	1
 272 0093 01       		.byte	1
 273 0094 00       		.byte	0
 274 0095 1B       		.byte	27
 275 0096 24       		.byte	36
 276 0097 04       		.byte	4
 277 0098 01       		.byte	1
 278 0099 01       		.byte	1
 279 009a 59       		.byte	89
 280 009b 55       		.byte	85
 281 009c 59       		.byte	89
 282 009d 32       		.byte	50
 283 009e 00       		.byte	0
 284 009f 00       		.byte	0
 285 00a0 10       		.byte	16
 286 00a1 00       		.byte	0
 287 00a2 80       		.byte	-128
 288 00a3 00       		.byte	0
 289 00a4 00       		.byte	0
 290 00a5 AA       		.byte	-86
 291 00a6 00       		.byte	0
 292 00a7 38       		.byte	56
 293 00a8 9B       		.byte	-101
 294 00a9 71       		.byte	113
 295 00aa 10       		.byte	16
 296 00ab 01       		.byte	1
 297 00ac 00       		.byte	0
 298 00ad 00       		.byte	0
 299 00ae 00       		.byte	0
 300 00af 00       		.byte	0
 301 00b0 1E       		.byte	30
 302 00b1 24       		.byte	36
 303 00b2 05       		.byte	5
 304 00b3 01       		.byte	1
 305 00b4 02       		.byte	2
 306 00b5 00       		.byte	0
 307 00b6 05       		.byte	5
 308 00b7 D0       		.byte	-48
 309 00b8 02       		.byte	2
 310 00b9 00       		.byte	0
 311 00ba 00       		.byte	0
 312 00bb 57       		.byte	87
 313 00bc 30       		.byte	48
 314 00bd 00       		.byte	0
 315 00be 00       		.byte	0
 316 00bf BC       		.byte	-68
 317 00c0 34       		.byte	52
 318 00c1 00       		.byte	0
 319 00c2 20       		.byte	32
 320 00c3 1C       		.byte	28
 321 00c4 00       		.byte	0
 322 00c5 0A       		.byte	10
 323 00c6 8B       		.byte	-117
 324 00c7 02       		.byte	2
 325 00c8 00       		.byte	0
 326 00c9 01       		.byte	1
 327 00ca 0A       		.byte	10
 328 00cb 8B       		.byte	-117
 329 00cc 02       		.byte	2
 330 00cd 00       		.byte	0
 331 00ce 0A       		.byte	10
 332 00cf 24       		.byte	36
 333 00d0 03       		.byte	3
 334 00d1 00       		.byte	0
 335 00d2 01       		.byte	1
 336 00d3 00       		.byte	0
 337 00d4 05       		.byte	5
 338 00d5 D0       		.byte	-48
 339 00d6 02       		.byte	2
 340 00d7 00       		.byte	0
 341 00d8 07       		.byte	7
 342 00d9 05       		.byte	5
 343 00da 83       		.byte	-125
 344 00db 02       		.byte	2
 345 00dc 00       		.byte	0
 346 00dd 04       		.byte	4
 347 00de 00       		.byte	0
 348 00df 06       		.byte	6
 349 00e0 30       		.byte	48
 350 00e1 0F       		.byte	15
 351 00e2 00       		.byte	0
 352 00e3 00       		.byte	0
 353 00e4 00       		.byte	0
 354              		.global	esUVCUSBHSConfigDscr
 355 00e5 000000   		.section	.rodata.esUVCUSBHSConfigDscr,"a",%progbits
 356              		.align	2
 359              	esUVCUSBHSConfigDscr:
 360 0000 09       		.byte	9
 361 0001 02       		.byte	2
 362 0002 CD       		.byte	-51
 363 0003 00       		.byte	0
 364 0004 02       		.byte	2
 365 0005 01       		.byte	1
 366 0006 04       		.byte	4
 367 0007 C0       		.byte	-64
 368 0008 32       		.byte	50
 369 0009 08       		.byte	8
 370 000a 0B       		.byte	11
 371 000b 00       		.byte	0
 372 000c 02       		.byte	2
 373 000d 0E       		.byte	14
 374 000e 03       		.byte	3
 375 000f 00       		.byte	0
 376 0010 00       		.byte	0
 377 0011 09       		.byte	9
 378 0012 04       		.byte	4
 379 0013 00       		.byte	0
 380 0014 00       		.byte	0
 381 0015 01       		.byte	1
 382 0016 0E       		.byte	14
 383 0017 01       		.byte	1
 384 0018 00       		.byte	0
 385 0019 00       		.byte	0
 386 001a 0D       		.byte	13
 387 001b 24       		.byte	36
 388 001c 01       		.byte	1
 389 001d 00       		.byte	0
 390 001e 01       		.byte	1
 391 001f 50       		.byte	80
 392 0020 00       		.byte	0
 393 0021 00       		.byte	0
 394 0022 6C       		.byte	108
 395 0023 DC       		.byte	-36
 396 0024 02       		.byte	2
 397 0025 01       		.byte	1
 398 0026 01       		.byte	1
 399 0027 12       		.byte	18
 400 0028 24       		.byte	36
 401 0029 02       		.byte	2
 402 002a 01       		.byte	1
 403 002b 01       		.byte	1
 404 002c 02       		.byte	2
 405 002d 00       		.byte	0
 406 002e 00       		.byte	0
 407 002f 00       		.byte	0
 408 0030 00       		.byte	0
 409 0031 00       		.byte	0
 410 0032 00       		.byte	0
 411 0033 00       		.byte	0
 412 0034 00       		.byte	0
 413 0035 03       		.byte	3
 414 0036 2A       		.byte	42
 415 0037 00       		.byte	0
 416 0038 02       		.byte	2
 417 0039 0C       		.byte	12
 418 003a 24       		.byte	36
 419 003b 05       		.byte	5
 420 003c 02       		.byte	2
 421 003d 01       		.byte	1
 422 003e 00       		.byte	0
 423 003f 40       		.byte	64
 424 0040 03       		.byte	3
 425 0041 5F       		.byte	95
 426 0042 10       		.byte	16
 427 0043 00       		.byte	0
 428 0044 00       		.byte	0
 429 0045 1C       		.byte	28
 430 0046 24       		.byte	36
 431 0047 06       		.byte	6
 432 0048 03       		.byte	3
 433 0049 FF       		.byte	-1
 434 004a FF       		.byte	-1
 435 004b FF       		.byte	-1
 436 004c FF       		.byte	-1
 437 004d FF       		.byte	-1
 438 004e FF       		.byte	-1
 439 004f FF       		.byte	-1
 440 0050 FF       		.byte	-1
 441 0051 FF       		.byte	-1
 442 0052 FF       		.byte	-1
 443 0053 FF       		.byte	-1
 444 0054 FF       		.byte	-1
 445 0055 FF       		.byte	-1
 446 0056 FF       		.byte	-1
 447 0057 FF       		.byte	-1
 448 0058 FF       		.byte	-1
 449 0059 00       		.byte	0
 450 005a 01       		.byte	1
 451 005b 02       		.byte	2
 452 005c 03       		.byte	3
 453 005d 00       		.byte	0
 454 005e 00       		.byte	0
 455 005f 00       		.byte	0
 456 0060 00       		.byte	0
 457 0061 09       		.byte	9
 458 0062 24       		.byte	36
 459 0063 03       		.byte	3
 460 0064 04       		.byte	4
 461 0065 01       		.byte	1
 462 0066 01       		.byte	1
 463 0067 00       		.byte	0
 464 0068 03       		.byte	3
 465 0069 00       		.byte	0
 466 006a 07       		.byte	7
 467 006b 05       		.byte	5
 468 006c 82       		.byte	-126
 469 006d 03       		.byte	3
 470 006e 40       		.byte	64
 471 006f 00       		.byte	0
 472 0070 01       		.byte	1
 473 0071 05       		.byte	5
 474 0072 25       		.byte	37
 475 0073 03       		.byte	3
 476 0074 40       		.byte	64
 477 0075 00       		.byte	0
 478 0076 09       		.byte	9
 479 0077 04       		.byte	4
 480 0078 01       		.byte	1
 481 0079 00       		.byte	0
 482 007a 01       		.byte	1
 483 007b 0E       		.byte	14
 484 007c 02       		.byte	2
 485 007d 00       		.byte	0
 486 007e 00       		.byte	0
 487 007f 0E       		.byte	14
 488 0080 24       		.byte	36
 489 0081 01       		.byte	1
 490 0082 01       		.byte	1
 491 0083 47       		.byte	71
 492 0084 00       		.byte	0
 493 0085 83       		.byte	-125
 494 0086 00       		.byte	0
 495 0087 04       		.byte	4
 496 0088 00       		.byte	0
 497 0089 00       		.byte	0
 498 008a 00       		.byte	0
 499 008b 01       		.byte	1
 500 008c 00       		.byte	0
 501 008d 1B       		.byte	27
 502 008e 24       		.byte	36
 503 008f 04       		.byte	4
 504 0090 01       		.byte	1
 505 0091 01       		.byte	1
 506 0092 59       		.byte	89
 507 0093 55       		.byte	85
 508 0094 59       		.byte	89
 509 0095 32       		.byte	50
 510 0096 00       		.byte	0
 511 0097 00       		.byte	0
 512 0098 10       		.byte	16
 513 0099 00       		.byte	0
 514 009a 80       		.byte	-128
 515 009b 00       		.byte	0
 516 009c 00       		.byte	0
 517 009d AA       		.byte	-86
 518 009e 00       		.byte	0
 519 009f 38       		.byte	56
 520 00a0 9B       		.byte	-101
 521 00a1 71       		.byte	113
 522 00a2 10       		.byte	16
 523 00a3 01       		.byte	1
 524 00a4 00       		.byte	0
 525 00a5 00       		.byte	0
 526 00a6 00       		.byte	0
 527 00a7 00       		.byte	0
 528 00a8 1E       		.byte	30
 529 00a9 24       		.byte	36
 530 00aa 05       		.byte	5
 531 00ab 01       		.byte	1
 532 00ac 00       		.byte	0
 533 00ad 80       		.byte	-128
 534 00ae 02       		.byte	2
 535 00af E0       		.byte	-32
 536 00b0 01       		.byte	1
 537 00b1 00       		.byte	0
 538 00b2 00       		.byte	0
 539 00b3 94       		.byte	-108
 540 00b4 11       		.byte	17
 541 00b5 00       		.byte	0
 542 00b6 00       		.byte	0
 543 00b7 94       		.byte	-108
 544 00b8 11       		.byte	17
 545 00b9 00       		.byte	0
 546 00ba 60       		.byte	96
 547 00bb 09       		.byte	9
 548 00bc 00       		.byte	0
 549 00bd 15       		.byte	21
 550 00be 16       		.byte	22
 551 00bf 05       		.byte	5
 552 00c0 00       		.byte	0
 553 00c1 01       		.byte	1
 554 00c2 15       		.byte	21
 555 00c3 16       		.byte	22
 556 00c4 05       		.byte	5
 557 00c5 00       		.byte	0
 558 00c6 07       		.byte	7
 559 00c7 05       		.byte	5
 560 00c8 83       		.byte	-125
 561 00c9 02       		.byte	2
 562 00ca 00       		.byte	0
 563 00cb 02       		.byte	2
 564 00cc 00       		.byte	0
 565              		.global	esUVCUSBFSConfigDscr
 566 00cd 000000   		.section	.rodata.esUVCUSBFSConfigDscr,"a",%progbits
 567              		.align	2
 570              	esUVCUSBFSConfigDscr:
 571 0000 09       		.byte	9
 572 0001 02       		.byte	2
 573 0002 09       		.byte	9
 574 0003 00       		.byte	0
 575 0004 00       		.byte	0
 576 0005 01       		.byte	1
 577 0006 00       		.byte	0
 578 0007 80       		.byte	-128
 579 0008 32       		.byte	50
 580              		.global	esUVCUSBStringLangIDDscr
 581 0009 000000   		.section	.rodata.esUVCUSBStringLangIDDscr,"a",%progbits
 582              		.align	2
 585              	esUVCUSBStringLangIDDscr:
 586 0000 04       		.byte	4
 587 0001 03       		.byte	3
 588 0002 09       		.byte	9
 589 0003 04       		.byte	4
 590              		.global	esUVCUSBManufactureDscr
 591              		.section	.rodata.esUVCUSBManufactureDscr,"a",%progbits
 592              		.align	2
 595              	esUVCUSBManufactureDscr:
 596 0000 1A       		.byte	26
 597 0001 03       		.byte	3
 598 0002 56       		.byte	86
 599 0003 00       		.byte	0
 600 0004 69       		.byte	105
 601 0005 00       		.byte	0
 602 0006 64       		.byte	100
 603 0007 00       		.byte	0
 604 0008 65       		.byte	101
 605 0009 00       		.byte	0
 606 000a 6F       		.byte	111
 607 000b 00       		.byte	0
 608 000c 6C       		.byte	108
 609 000d 00       		.byte	0
 610 000e 6F       		.byte	111
 611 000f 00       		.byte	0
 612 0010 67       		.byte	103
 613 0011 00       		.byte	0
 614 0012 79       		.byte	121
 615 0013 00       		.byte	0
 616 0014 49       		.byte	73
 617 0015 00       		.byte	0
 618 0016 6E       		.byte	110
 619 0017 00       		.byte	0
 620 0018 63       		.byte	99
 621 0019 00       		.byte	0
 622              		.global	esUVCUSBProductDscr
 623 001a 0000     		.section	.rodata.esUVCUSBProductDscr,"a",%progbits
 624              		.align	2
 627              	esUVCUSBProductDscr:
 628 0000 20       		.byte	32
 629 0001 03       		.byte	3
 630 0002 56       		.byte	86
 631 0003 00       		.byte	0
 632 0004 49       		.byte	73
 633 0005 00       		.byte	0
 634 0006 53       		.byte	83
 635 0007 00       		.byte	0
 636 0008 2D       		.byte	45
 637 0009 00       		.byte	0
 638 000a 43       		.byte	67
 639 000b 00       		.byte	0
 640 000c 58       		.byte	88
 641 000d 00       		.byte	0
 642 000e 33       		.byte	51
 643 000f 00       		.byte	0
 644 0010 20       		.byte	32
 645 0011 00       		.byte	0
 646 0012 4D       		.byte	77
 647 0013 00       		.byte	0
 648 0014 49       		.byte	73
 649 0015 00       		.byte	0
 650 0016 50       		.byte	80
 651 0017 00       		.byte	0
 652 0018 49       		.byte	73
 653 0019 00       		.byte	0
 654 001a 37       		.byte	55
 655 001b 00       		.byte	0
 656 001c 32       		.byte	50
 657 001d 00       		.byte	0
 658 001e 30       		.byte	48
 659 001f 00       		.byte	0
 660              		.global	esUVCUSBConfigSSDscr
 661              		.section	.rodata.esUVCUSBConfigSSDscr,"a",%progbits
 662              		.align	2
 665              	esUVCUSBConfigSSDscr:
 666 0000 10       		.byte	16
 667 0001 03       		.byte	3
 668 0002 55       		.byte	85
 669 0003 00       		.byte	0
 670 0004 53       		.byte	83
 671 0005 00       		.byte	0
 672 0006 42       		.byte	66
 673 0007 00       		.byte	0
 674 0008 2D       		.byte	45
 675 0009 00       		.byte	0
 676 000a 33       		.byte	51
 677 000b 00       		.byte	0
 678 000c 2E       		.byte	46
 679 000d 00       		.byte	0
 680 000e 30       		.byte	48
 681 000f 00       		.byte	0
 682              		.global	esUVCUSBConfigHSDscr
 683              		.section	.rodata.esUVCUSBConfigHSDscr,"a",%progbits
 684              		.align	2
 687              	esUVCUSBConfigHSDscr:
 688 0000 10       		.byte	16
 689 0001 03       		.byte	3
 690 0002 55       		.byte	85
 691 0003 00       		.byte	0
 692 0004 53       		.byte	83
 693 0005 00       		.byte	0
 694 0006 42       		.byte	66
 695 0007 00       		.byte	0
 696 0008 2D       		.byte	45
 697 0009 00       		.byte	0
 698 000a 32       		.byte	50
 699 000b 00       		.byte	0
 700 000c 2E       		.byte	46
 701 000d 00       		.byte	0
 702 000e 31       		.byte	49
 703 000f 00       		.byte	0
 704              		.global	esUVCUSBConfigFSDscr
 705              		.section	.rodata.esUVCUSBConfigFSDscr,"a",%progbits
 706              		.align	2
 709              	esUVCUSBConfigFSDscr:
 710 0000 10       		.byte	16
 711 0001 03       		.byte	3
 712 0002 55       		.byte	85
 713 0003 00       		.byte	0
 714 0004 53       		.byte	83
 715 0005 00       		.byte	0
 716 0006 42       		.byte	66
 717 0007 00       		.byte	0
 718 0008 2D       		.byte	45
 719 0009 00       		.byte	0
 720 000a 31       		.byte	49
 721 000b 00       		.byte	0
 722 000c 2E       		.byte	46
 723 000d 00       		.byte	0
 724 000e 31       		.byte	49
 725 000f 00       		.byte	0
 726              		.global	glProbeCtrl
 727              		.section	.data.glProbeCtrl,"aw",%progbits
 728              		.align	2
 731              	glProbeCtrl:
 732 0000 00       		.byte	0
 733 0001 00       		.byte	0
 734 0002 01       		.byte	1
 735 0003 01       		.byte	1
 736 0004 0A       		.byte	10
 737 0005 8B       		.byte	-117
 738 0006 02       		.byte	2
 739 0007 00       		.byte	0
 740 0008 00       		.byte	0
 741 0009 00       		.byte	0
 742 000a 00       		.byte	0
 743 000b 00       		.byte	0
 744 000c 00       		.byte	0
 745 000d 00       		.byte	0
 746 000e 00       		.byte	0
 747 000f 00       		.byte	0
 748 0010 00       		.byte	0
 749 0011 00       		.byte	0
 750 0012 00       		.byte	0
 751 0013 48       		.byte	72
 752 0014 3F       		.byte	63
 753 0015 00       		.byte	0
 754 0016 00       		.byte	0
 755 0017 90       		.byte	-112
 756 0018 00       		.byte	0
 757 0019 00       		.byte	0
 758              		.global	gl1080pProbeCtrl
 759 001a 0000     		.section	.rodata.gl1080pProbeCtrl,"a",%progbits
 760              		.align	2
 763              	gl1080pProbeCtrl:
 764 0000 00       		.byte	0
 765 0001 00       		.byte	0
 766 0002 01       		.byte	1
 767 0003 01       		.byte	1
 768 0004 15       		.byte	21
 769 0005 16       		.byte	22
 770 0006 05       		.byte	5
 771 0007 00       		.byte	0
 772 0008 00       		.byte	0
 773 0009 00       		.byte	0
 774 000a 00       		.byte	0
 775 000b 00       		.byte	0
 776 000c 00       		.byte	0
 777 000d 00       		.byte	0
 778 000e 00       		.byte	0
 779 000f 00       		.byte	0
 780 0010 00       		.byte	0
 781 0011 00       		.byte	0
 782 0012 00       		.byte	0
 783 0013 48       		.byte	72
 784 0014 3F       		.byte	63
 785 0015 00       		.byte	0
 786 0016 00       		.byte	0
 787 0017 90       		.byte	-112
 788 0018 00       		.byte	0
 789 0019 00       		.byte	0
 790              		.global	glVga60ProbeCtrl
 791 001a 0000     		.section	.rodata.glVga60ProbeCtrl,"a",%progbits
 792              		.align	2
 795              	glVga60ProbeCtrl:
 796 0000 00       		.byte	0
 797 0001 00       		.byte	0
 798 0002 01       		.byte	1
 799 0003 02       		.byte	2
 800 0004 0A       		.byte	10
 801 0005 8B       		.byte	-117
 802 0006 02       		.byte	2
 803 0007 00       		.byte	0
 804 0008 00       		.byte	0
 805 0009 00       		.byte	0
 806 000a 00       		.byte	0
 807 000b 00       		.byte	0
 808 000c 00       		.byte	0
 809 000d 00       		.byte	0
 810 000e 00       		.byte	0
 811 000f 00       		.byte	0
 812 0010 00       		.byte	0
 813 0011 00       		.byte	0
 814 0012 00       		.byte	0
 815 0013 60       		.byte	96
 816 0014 09       		.byte	9
 817 0015 00       		.byte	0
 818 0016 00       		.byte	0
 819 0017 90       		.byte	-112
 820 0018 00       		.byte	0
 821 0019 00       		.byte	0
 822              		.global	gl720pProbeCtrl
 823 001a 0000     		.section	.rodata.gl720pProbeCtrl,"a",%progbits
 824              		.align	2
 827              	gl720pProbeCtrl:
 828 0000 00       		.byte	0
 829 0001 00       		.byte	0
 830 0002 01       		.byte	1
 831 0003 03       		.byte	3
 832 0004 0A       		.byte	10
 833 0005 8B       		.byte	-117
 834 0006 02       		.byte	2
 835 0007 00       		.byte	0
 836 0008 00       		.byte	0
 837 0009 00       		.byte	0
 838 000a 00       		.byte	0
 839 000b 00       		.byte	0
 840 000c 00       		.byte	0
 841 000d 00       		.byte	0
 842 000e 00       		.byte	0
 843 000f 00       		.byte	0
 844 0010 00       		.byte	0
 845 0011 00       		.byte	0
 846 0012 00       		.byte	0
 847 0013 20       		.byte	32
 848 0014 1C       		.byte	28
 849 0015 00       		.byte	0
 850 0016 00       		.byte	0
 851 0017 90       		.byte	-112
 852 0018 00       		.byte	0
 853 0019 00       		.byte	0
 854              		.global	gl5MpProbeCtrl
 855 001a 0000     		.section	.rodata.gl5MpProbeCtrl,"a",%progbits
 856              		.align	2
 859              	gl5MpProbeCtrl:
 860 0000 00       		.byte	0
 861 0001 00       		.byte	0
 862 0002 01       		.byte	1
 863 0003 04       		.byte	4
 864 0004 2A       		.byte	42
 865 0005 2C       		.byte	44
 866 0006 0A       		.byte	10
 867 0007 00       		.byte	0
 868 0008 00       		.byte	0
 869 0009 00       		.byte	0
 870 000a 00       		.byte	0
 871 000b 00       		.byte	0
 872 000c 00       		.byte	0
 873 000d 00       		.byte	0
 874 000e 00       		.byte	0
 875 000f 00       		.byte	0
 876 0010 00       		.byte	0
 877 0011 00       		.byte	0
 878 0012 00       		.byte	0
 879 0013 C6       		.byte	-58
 880 0014 99       		.byte	-103
 881 0015 00       		.byte	0
 882 0016 00       		.byte	0
 883 0017 90       		.byte	-112
 884 0018 00       		.byte	0
 885 0019 00       		.byte	0
 886              		.global	glVga30ProbeCtrl
 887 001a 0000     		.section	.rodata.glVga30ProbeCtrl,"a",%progbits
 888              		.align	2
 891              	glVga30ProbeCtrl:
 892 0000 00       		.byte	0
 893 0001 00       		.byte	0
 894 0002 01       		.byte	1
 895 0003 01       		.byte	1
 896 0004 0A       		.byte	10
 897 0005 8B       		.byte	-117
 898 0006 02       		.byte	2
 899 0007 00       		.byte	0
 900 0008 00       		.byte	0
 901 0009 00       		.byte	0
 902 000a 00       		.byte	0
 903 000b 00       		.byte	0
 904 000c 00       		.byte	0
 905 000d 00       		.byte	0
 906 000e 00       		.byte	0
 907 000f 00       		.byte	0
 908 0010 00       		.byte	0
 909 0011 00       		.byte	0
 910 0012 00       		.byte	0
 911 0013 60       		.byte	96
 912 0014 09       		.byte	9
 913 0015 00       		.byte	0
 914 0016 00       		.byte	0
 915 0017 30       		.byte	48
 916 0018 00       		.byte	0
 917 0019 00       		.byte	0
 918              		.global	glStillProbeCtrl
 919 001a 0000     		.section	.data.glStillProbeCtrl,"aw",%progbits
 920              		.align	2
 923              	glStillProbeCtrl:
 924 0000 01       		.byte	1
 925 0001 01       		.byte	1
 926 0002 00       		.byte	0
 927 0003 00       		.byte	0
 928 0004 C6       		.byte	-58
 929 0005 99       		.byte	-103
 930 0006 00       		.byte	0
 931 0007 00       		.byte	0
 932 0008 30       		.byte	48
 933 0009 00       		.byte	0
 934 000a 00       		.byte	0
 935              		.global	cfgUvc5Mp15NoMclk
 936 000b 00       		.section	.data.cfgUvc5Mp15NoMclk,"aw",%progbits
 937              		.align	2
 940              	cfgUvc5Mp15NoMclk:
 941 0000 26       		.byte	38
 942 0001 02       		.byte	2
 943 0002 01       		.byte	1
 944 0003 00       		.space	1
 945 0004 4000     		.short	64
 946 0006 00       		.byte	0
 947 0007 00       		.byte	0
 948 0008 00       		.byte	0
 949 0009 00       		.space	1
 950 000a 0000     		.short	0
 951 000c 02       		.byte	2
 952 000d 00       		.space	1
 953 000e 200A     		.short	2592
 954 0010 0100     		.short	1
 955              		.global	cfgUvc1080p30NoMclk
 956 0012 0000     		.section	.data.cfgUvc1080p30NoMclk,"aw",%progbits
 957              		.align	2
 960              	cfgUvc1080p30NoMclk:
 961 0000 26       		.byte	38
 962 0001 02       		.byte	2
 963 0002 01       		.byte	1
 964 0003 00       		.space	1
 965 0004 3E00     		.short	62
 966 0006 00       		.byte	0
 967 0007 00       		.byte	0
 968 0008 00       		.byte	0
 969 0009 00       		.space	1
 970 000a 0000     		.short	0
 971 000c 00       		.byte	0
 972 000d 00       		.space	1
 973 000e 8007     		.short	1920
 974 0010 0100     		.short	1
 975              		.global	cfgUvc720p60NoMclk
 976 0012 0000     		.section	.data.cfgUvc720p60NoMclk,"aw",%progbits
 977              		.align	2
 980              	cfgUvc720p60NoMclk:
 981 0000 16       		.byte	22
 982 0001 01       		.byte	1
 983 0002 01       		.byte	1
 984 0003 00       		.space	1
 985 0004 2000     		.short	32
 986 0006 01       		.byte	1
 987 0007 01       		.byte	1
 988 0008 01       		.byte	1
 989 0009 00       		.space	1
 990 000a 0000     		.short	0
 991 000c 00       		.byte	0
 992 000d 00       		.space	1
 993 000e 0005     		.short	1280
 994 0010 0100     		.short	1
 995              		.global	cfgUvcVgaNoMclk
 996 0012 0000     		.section	.data.cfgUvcVgaNoMclk,"aw",%progbits
 997              		.align	2
 1000              	cfgUvcVgaNoMclk:
 1001 0000 26       		.byte	38
 1002 0001 01       		.byte	1
 1003 0002 01       		.byte	1
 1004 0003 00       		.space	1
 1005 0004 5A00     		.short	90
 1006 0006 02       		.byte	2
 1007 0007 02       		.byte	2
 1008 0008 00       		.byte	0
 1009 0009 00       		.space	1
 1010 000a 0000     		.short	0
 1011 000c 00       		.byte	0
 1012 000d 00       		.space	1
 1013 000e 8002     		.short	640
 1014 0010 0100     		.short	1
 1015              		.global	cfgUvcVga30NoMclk
 1016 0012 0000     		.section	.data.cfgUvcVga30NoMclk,"aw",%progbits
 1017              		.align	2
 1020              	cfgUvcVga30NoMclk:
 1021 0000 26       		.byte	38
 1022 0001 01       		.byte	1
 1023 0002 04       		.byte	4
 1024 0003 00       		.space	1
 1025 0004 6F00     		.short	111
 1026 0006 01       		.byte	1
 1027 0007 02       		.byte	2
 1028 0008 00       		.byte	0
 1029 0009 00       		.space	1
 1030 000a 0000     		.short	0
 1031 000c 00       		.byte	0
 1032 000d 00       		.space	1
 1033 000e 0005     		.short	1280
 1034 0010 0100     		.short	1
 1035 0012 0000     		.text
 1036              	.Letext0:
 1037              		.file 1 "c:\\program files (x86)\\cypress\\ez-usb fx3 sdk\\1.3\\arm gcc\\arm-none-eabi\\include\\s
 1038              		.file 2 "C:\\Program Files (x86)\\Cypress\\EZ-USB FX3 SDK\\1.3\\firmware\\u3p_firmware\\inc/cyu3ty
 1039              		.file 3 "C:\\Program Files (x86)\\Cypress\\EZ-USB FX3 SDK\\1.3\\firmware\\u3p_firmware\\inc/cyu3us
 1040              		.file 4 "C:\\Program Files (x86)\\Cypress\\EZ-USB FX3 SDK\\1.3\\firmware\\u3p_firmware\\inc/tx_por
 1041              		.file 5 "C:\\Program Files (x86)\\Cypress\\EZ-USB FX3 SDK\\1.3\\firmware\\u3p_firmware\\inc/tx_api
 1042              		.file 6 "C:\\Program Files (x86)\\Cypress\\EZ-USB FX3 SDK\\1.3\\firmware\\u3p_firmware\\inc/cyu3dm
 1043              		.file 7 "C:\\Program Files (x86)\\Cypress\\EZ-USB FX3 SDK\\1.3\\firmware\\u3p_firmware\\inc/cyu3mi
 1044              		.file 8 "../cmdqu.h"
 1045              		.file 9 "../CX3RDKOV5640Dscr.c"
 1046              		.file 10 "../CX3RDKOV5640.h"
DEFINED SYMBOLS
                            *ABS*:00000000 CX3RDKOV5640Dscr.c
C:\Users\wcheng\AppData\Local\Temp\ccAHhs0U.s:17     .bss.glEp0Buffer:00000000 $d
C:\Users\wcheng\AppData\Local\Temp\ccAHhs0U.s:20     .bss.glEp0Buffer:00000000 glEp0Buffer
                            *COM*:000000a8 uvcAppThread
                            *COM*:000000a8 SenAppThread
                            *COM*:00000028 glTimerEvent
                            *COM*:00000020 cmdQu
                            *COM*:00000020 statQu
C:\Users\wcheng\AppData\Local\Temp\ccAHhs0U.s:32     .rodata.esUVCUSB30DeviceDscr:00000000 esUVCUSB30DeviceDscr
C:\Users\wcheng\AppData\Local\Temp\ccAHhs0U.s:29     .rodata.esUVCUSB30DeviceDscr:00000000 $d
C:\Users\wcheng\AppData\Local\Temp\ccAHhs0U.s:56     .rodata.esUVCUSB20DeviceDscr:00000000 esUVCUSB20DeviceDscr
C:\Users\wcheng\AppData\Local\Temp\ccAHhs0U.s:53     .rodata.esUVCUSB20DeviceDscr:00000000 $d
C:\Users\wcheng\AppData\Local\Temp\ccAHhs0U.s:80     .rodata.esUVCUSBBOSDscr:00000000 esUVCUSBBOSDscr
C:\Users\wcheng\AppData\Local\Temp\ccAHhs0U.s:77     .rodata.esUVCUSBBOSDscr:00000000 $d
C:\Users\wcheng\AppData\Local\Temp\ccAHhs0U.s:108    .rodata.esUVCUSBDeviceQualDscr:00000000 esUVCUSBDeviceQualDscr
C:\Users\wcheng\AppData\Local\Temp\ccAHhs0U.s:105    .rodata.esUVCUSBDeviceQualDscr:00000000 $d
C:\Users\wcheng\AppData\Local\Temp\ccAHhs0U.s:124    .rodata.esUVCUSBSSConfigDscr:00000000 esUVCUSBSSConfigDscr
C:\Users\wcheng\AppData\Local\Temp\ccAHhs0U.s:121    .rodata.esUVCUSBSSConfigDscr:00000000 $d
C:\Users\wcheng\AppData\Local\Temp\ccAHhs0U.s:359    .rodata.esUVCUSBHSConfigDscr:00000000 esUVCUSBHSConfigDscr
C:\Users\wcheng\AppData\Local\Temp\ccAHhs0U.s:356    .rodata.esUVCUSBHSConfigDscr:00000000 $d
C:\Users\wcheng\AppData\Local\Temp\ccAHhs0U.s:570    .rodata.esUVCUSBFSConfigDscr:00000000 esUVCUSBFSConfigDscr
C:\Users\wcheng\AppData\Local\Temp\ccAHhs0U.s:567    .rodata.esUVCUSBFSConfigDscr:00000000 $d
C:\Users\wcheng\AppData\Local\Temp\ccAHhs0U.s:585    .rodata.esUVCUSBStringLangIDDscr:00000000 esUVCUSBStringLangIDDscr
C:\Users\wcheng\AppData\Local\Temp\ccAHhs0U.s:582    .rodata.esUVCUSBStringLangIDDscr:00000000 $d
C:\Users\wcheng\AppData\Local\Temp\ccAHhs0U.s:595    .rodata.esUVCUSBManufactureDscr:00000000 esUVCUSBManufactureDscr
C:\Users\wcheng\AppData\Local\Temp\ccAHhs0U.s:592    .rodata.esUVCUSBManufactureDscr:00000000 $d
C:\Users\wcheng\AppData\Local\Temp\ccAHhs0U.s:627    .rodata.esUVCUSBProductDscr:00000000 esUVCUSBProductDscr
C:\Users\wcheng\AppData\Local\Temp\ccAHhs0U.s:624    .rodata.esUVCUSBProductDscr:00000000 $d
C:\Users\wcheng\AppData\Local\Temp\ccAHhs0U.s:665    .rodata.esUVCUSBConfigSSDscr:00000000 esUVCUSBConfigSSDscr
C:\Users\wcheng\AppData\Local\Temp\ccAHhs0U.s:662    .rodata.esUVCUSBConfigSSDscr:00000000 $d
C:\Users\wcheng\AppData\Local\Temp\ccAHhs0U.s:687    .rodata.esUVCUSBConfigHSDscr:00000000 esUVCUSBConfigHSDscr
C:\Users\wcheng\AppData\Local\Temp\ccAHhs0U.s:684    .rodata.esUVCUSBConfigHSDscr:00000000 $d
C:\Users\wcheng\AppData\Local\Temp\ccAHhs0U.s:709    .rodata.esUVCUSBConfigFSDscr:00000000 esUVCUSBConfigFSDscr
C:\Users\wcheng\AppData\Local\Temp\ccAHhs0U.s:706    .rodata.esUVCUSBConfigFSDscr:00000000 $d
C:\Users\wcheng\AppData\Local\Temp\ccAHhs0U.s:731    .data.glProbeCtrl:00000000 glProbeCtrl
C:\Users\wcheng\AppData\Local\Temp\ccAHhs0U.s:728    .data.glProbeCtrl:00000000 $d
C:\Users\wcheng\AppData\Local\Temp\ccAHhs0U.s:763    .rodata.gl1080pProbeCtrl:00000000 gl1080pProbeCtrl
C:\Users\wcheng\AppData\Local\Temp\ccAHhs0U.s:760    .rodata.gl1080pProbeCtrl:00000000 $d
C:\Users\wcheng\AppData\Local\Temp\ccAHhs0U.s:795    .rodata.glVga60ProbeCtrl:00000000 glVga60ProbeCtrl
C:\Users\wcheng\AppData\Local\Temp\ccAHhs0U.s:792    .rodata.glVga60ProbeCtrl:00000000 $d
C:\Users\wcheng\AppData\Local\Temp\ccAHhs0U.s:827    .rodata.gl720pProbeCtrl:00000000 gl720pProbeCtrl
C:\Users\wcheng\AppData\Local\Temp\ccAHhs0U.s:824    .rodata.gl720pProbeCtrl:00000000 $d
C:\Users\wcheng\AppData\Local\Temp\ccAHhs0U.s:859    .rodata.gl5MpProbeCtrl:00000000 gl5MpProbeCtrl
C:\Users\wcheng\AppData\Local\Temp\ccAHhs0U.s:856    .rodata.gl5MpProbeCtrl:00000000 $d
C:\Users\wcheng\AppData\Local\Temp\ccAHhs0U.s:891    .rodata.glVga30ProbeCtrl:00000000 glVga30ProbeCtrl
C:\Users\wcheng\AppData\Local\Temp\ccAHhs0U.s:888    .rodata.glVga30ProbeCtrl:00000000 $d
C:\Users\wcheng\AppData\Local\Temp\ccAHhs0U.s:923    .data.glStillProbeCtrl:00000000 glStillProbeCtrl
C:\Users\wcheng\AppData\Local\Temp\ccAHhs0U.s:920    .data.glStillProbeCtrl:00000000 $d
C:\Users\wcheng\AppData\Local\Temp\ccAHhs0U.s:940    .data.cfgUvc5Mp15NoMclk:00000000 cfgUvc5Mp15NoMclk
C:\Users\wcheng\AppData\Local\Temp\ccAHhs0U.s:937    .data.cfgUvc5Mp15NoMclk:00000000 $d
C:\Users\wcheng\AppData\Local\Temp\ccAHhs0U.s:960    .data.cfgUvc1080p30NoMclk:00000000 cfgUvc1080p30NoMclk
C:\Users\wcheng\AppData\Local\Temp\ccAHhs0U.s:957    .data.cfgUvc1080p30NoMclk:00000000 $d
C:\Users\wcheng\AppData\Local\Temp\ccAHhs0U.s:980    .data.cfgUvc720p60NoMclk:00000000 cfgUvc720p60NoMclk
C:\Users\wcheng\AppData\Local\Temp\ccAHhs0U.s:977    .data.cfgUvc720p60NoMclk:00000000 $d
C:\Users\wcheng\AppData\Local\Temp\ccAHhs0U.s:1000   .data.cfgUvcVgaNoMclk:00000000 cfgUvcVgaNoMclk
C:\Users\wcheng\AppData\Local\Temp\ccAHhs0U.s:997    .data.cfgUvcVgaNoMclk:00000000 $d
C:\Users\wcheng\AppData\Local\Temp\ccAHhs0U.s:1020   .data.cfgUvcVga30NoMclk:00000000 cfgUvcVga30NoMclk
C:\Users\wcheng\AppData\Local\Temp\ccAHhs0U.s:1017   .data.cfgUvcVga30NoMclk:00000000 $d
                           .group:00000000 wm4.1.29463082a45126943f020ea30bda05c8
                           .group:00000000 wm4.newlib.h.8.384a112feabb3bef7b573ae48cde2e3b
                           .group:00000000 wm4.features.h.22.6a4ca7cd053637cc1d0db6c16f39b2d7
                           .group:00000000 wm4.config.h.219.8eb38badc3f446ace4f0fbbdc7b4e018
                           .group:00000000 wm4._ansi.h.23.5644b60c990a4800b02a6e654e88f93a
                           .group:00000000 wm4.stdint.h.20.54ad762faa59e3c05491630641c8d8bf
                           .group:00000000 wm4.cyu3types.h.80.f5310e165127de2daf78c334a454267e
                           .group:00000000 wm4.cyu3usbconst.h.37.502980e110c2142a7316d50a53794397
                           .group:00000000 wm4.stdlib.h.18.8bab2fb43ac4e90235390733c30a4530
                           .group:00000000 wm4.stddef.h.184.aa65fb7281d578229bbad41b91862635
                           .group:00000000 wm4._default_types.h.6.5e12cd604db8ce00b62bb2f02708eaf3
                           .group:00000000 wm4.lock.h.2.9bc98482741e5e2a9450b12934a684ea
                           .group:00000000 wm4._types.h.59.db8450f33c1f6150c0372fa1091a887a
                           .group:00000000 wm4.stddef.h.348.9a99de77b6ba3b4278b57e9cc6d6e349
                           .group:00000000 wm4.reent.h.16.ec713094ff7b80200da61a1b94cca956
                           .group:00000000 wm4.alloca.h.8.dfc0c703c47ec3e69746825b17d9e66d
                           .group:00000000 wm4.stdlib.h.55.7091a050e07f1c4abd225630fe3d62f1
                           .group:00000000 wm4.stddef.h.39.d0197034aa5fd947cae140b9289e6734
                           .group:00000000 wm4.cdefs.h.56.efab90f4d89fbc41d6b3a5c5fb0d3d0f
                           .group:00000000 wm4.string.h.15.dab3980bf35408a4c507182805e2de3a
                           .group:00000000 wm4.stddef.h.158.a7efb00f6cbc6f43213b50e183c9830c
                           .group:00000000 wm4.string.h.126.6ff3aa59129e7f66b2c273baf353e066
                           .group:00000000 wm4.tx_port.h.95.54ef54ef950923016df123872c81f77f
                           .group:00000000 wm4.tx_api.h.90.d18ffa804751aa80b6d59c3d596c2234
                           .group:00000000 wm4.cyu3tx.h.61.421a5eac9b37f3e2677fcfe17ba1c9c3
                           .group:00000000 wm4.assert.h.11.060c3dc511517628fd4f958fa9448dce
                           .group:00000000 wm4.cyu3utils.h.45.ea1b88089ccad3d50489f6f768ad8e9f
                           .group:00000000 wm4.cyu3dma.h.569.521da17a880bb7dc9c063e240d18d9bc
                           .group:00000000 wm4.cyu3sib.h.59.b1cff9a75023363cc612aef2b2314b23
                           .group:00000000 wm4.cyu3gpif.h.52.b01ef1bece12652336136a0aaabab45b
                           .group:00000000 wm4.cyu3mipicsi.h.46.b99df5b141b2543db3c56d6e408e0c5e
                           .group:00000000 wm4.cmdqu.h.19.d1373502bd3a7a56ccbd1736008f9f37
                           .group:00000000 wm4.CX3RDKOV5640.h.35.f7fe529c288b3942b3918d28808c5cde

NO UNDEFINED SYMBOLS
